0 info it worked if it ends with ok
1 verbose cli [ '/Users/shohei/.nodebrew/current/bin/node',
1 verbose cli   '/Users/shohei/.nodebrew/current/bin/npm',
1 verbose cli   'install' ]
2 info using npm@1.4.28
3 info using node@v0.10.33
4 verbose node symlink /Users/shohei/.nodebrew/current/bin/node
5 error install Couldn't read dependencies
6 error Failed to parse json
6 error Unexpected token }
7 error File: /Users/shohei/.ghq/github.com/ryosuzuki/piedmont/package.json
8 error Failed to parse package.json data.
8 error package.json must be actual JSON, not just JavaScript.
8 error
8 error This is not a bug in npm.
8 error Tell the package author to fix their package.json file. JSON.parse
9 error System Darwin 14.3.0
10 error command "/Users/shohei/.nodebrew/current/bin/node" "/Users/shohei/.nodebrew/current/bin/npm" "install"
11 error cwd /Users/shohei/.ghq/github.com/ryosuzuki/piedmont
12 error node -v v0.10.33
13 error npm -v 1.4.28
14 error file /Users/shohei/.ghq/github.com/ryosuzuki/piedmont/package.json
15 error code EJSONPARSE
16 verbose exit [ 1, true ]
